<?xml version="1.0" encoding="UTF-8" ?>
<testsuite
  xmlns:xsi="http://www.w3.org/2001/XMLSchema-instance"
  xsi:noNamespaceSchemaLocation="https://maven.apache.org/surefire/maven-surefire-plugin/xsd/surefire-test-report.xsd"
  name="com.example.FunctionTest"
  time="1.078"
  tests="1"
  errors="0"
  skipped="0"
  failures="0"
>
  <properties>
    <property name="sun.desktop" value="windows" />
    <property name="awt.toolkit" value="sun.awt.windows.WToolkit" />
    <property name="java.specification.version" value="11" />
    <property name="sun.cpu.isalist" value="amd64" />
    <property name="sun.jnu.encoding" value="MS874" />
    <property
      name="java.class.path"
      value="d:\Workspace\R2\Projects\sfdx\top-ariba\functions\aribapending\target\test-classes;d:\Workspace\R2\Projects\sfdx\top-ariba\functions\aribapending\target\classes;C:\Users\X505Z\.m2\repository\com\salesforce\functions\sf-fx-sdk-java\1.1.0\sf-fx-sdk-java-1.1.0.jar;C:\Users\X505Z\.m2\repository\org\slf4j\slf4j-api\1.7.36\slf4j-api-1.7.36.jar;C:\Users\X505Z\.m2\repository\junit\junit\4.13.2\junit-4.13.2.jar;C:\Users\X505Z\.m2\repository\org\hamcrest\hamcrest-core\1.3\hamcrest-core-1.3.jar;C:\Users\X505Z\.m2\repository\org\mockito\mockito-core\4.9.0\mockito-core-4.9.0.jar;C:\Users\X505Z\.m2\repository\net\bytebuddy\byte-buddy\1.12.16\byte-buddy-1.12.16.jar;C:\Users\X505Z\.m2\repository\net\bytebuddy\byte-buddy-agent\1.12.16\byte-buddy-agent-1.12.16.jar;C:\Users\X505Z\.m2\repository\org\objenesis\objenesis\3.3\objenesis-3.3.jar;C:\Users\X505Z\.m2\repository\org\hamcrest\hamcrest\2.2\hamcrest-2.2.jar;C:\Users\X505Z\.m2\repository\com\spotify\hamcrest-pojo\1.2.0\hamcrest-pojo-1.2.0.jar;C:\Users\X505Z\.m2\repository\com\google\guava\guava\18.0\guava-18.0.jar;C:\Users\X505Z\.m2\repository\com\spotify\hamcrest-util\1.2.0\hamcrest-util-1.2.0.jar;"
    />
    <property name="java.vm.vendor" value="Oracle Corporation" />
    <property name="sun.arch.data.model" value="64" />
    <property name="user.variant" value="" />
    <property name="java.vendor.url" value="https://openjdk.java.net/" />
    <property name="user.timezone" value="Asia/Bangkok" />
    <property name="java.vm.specification.version" value="11" />
    <property name="os.name" value="Windows 10" />
    <property name="sun.java.launcher" value="SUN_STANDARD" />
    <property name="user.country" value="GB" />
    <property
      name="sun.boot.library.path"
      value="C:\Program Files\Java\jdk-11.0.10\bin"
    />
    <property
      name="sun.java.command"
      value="C:\Users\X505Z\AppData\Local\Temp\surefire3861928842183326703\surefirebooter16506127731837569683.jar C:\Users\X505Z\AppData\Local\Temp\surefire3861928842183326703 2023-04-18T18-16-11_924-jvmRun1 surefire10472146826168624703tmp surefire_09382154716295103599tmp"
    />
    <property name="jdk.debug" value="release" />
    <property
      name="surefire.test.class.path"
      value="d:\Workspace\R2\Projects\sfdx\top-ariba\functions\aribapending\target\test-classes;d:\Workspace\R2\Projects\sfdx\top-ariba\functions\aribapending\target\classes;C:\Users\X505Z\.m2\repository\com\salesforce\functions\sf-fx-sdk-java\1.1.0\sf-fx-sdk-java-1.1.0.jar;C:\Users\X505Z\.m2\repository\org\slf4j\slf4j-api\1.7.36\slf4j-api-1.7.36.jar;C:\Users\X505Z\.m2\repository\junit\junit\4.13.2\junit-4.13.2.jar;C:\Users\X505Z\.m2\repository\org\hamcrest\hamcrest-core\1.3\hamcrest-core-1.3.jar;C:\Users\X505Z\.m2\repository\org\mockito\mockito-core\4.9.0\mockito-core-4.9.0.jar;C:\Users\X505Z\.m2\repository\net\bytebuddy\byte-buddy\1.12.16\byte-buddy-1.12.16.jar;C:\Users\X505Z\.m2\repository\net\bytebuddy\byte-buddy-agent\1.12.16\byte-buddy-agent-1.12.16.jar;C:\Users\X505Z\.m2\repository\org\objenesis\objenesis\3.3\objenesis-3.3.jar;C:\Users\X505Z\.m2\repository\org\hamcrest\hamcrest\2.2\hamcrest-2.2.jar;C:\Users\X505Z\.m2\repository\com\spotify\hamcrest-pojo\1.2.0\hamcrest-pojo-1.2.0.jar;C:\Users\X505Z\.m2\repository\com\google\guava\guava\18.0\guava-18.0.jar;C:\Users\X505Z\.m2\repository\com\spotify\hamcrest-util\1.2.0\hamcrest-util-1.2.0.jar;"
    />
    <property name="sun.cpu.endian" value="little" />
    <property name="user.home" value="C:\Users\X505Z" />
    <property name="user.language" value="en" />
    <property name="java.specification.vendor" value="Oracle Corporation" />
    <property name="java.version.date" value="2021-01-19" />
    <property name="java.home" value="C:\Program Files\Java\jdk-11.0.10" />
    <property name="file.separator" value="\" />
    <property
      name="basedir"
      value="d:\Workspace\R2\Projects\sfdx\top-ariba\functions\aribapending"
    />
    <property name="java.vm.compressedOopsMode" value="Zero based" />
    <property name="line.separator" value="&#10;" />
    <property
      name="java.specification.name"
      value="Java Platform API Specification"
    />
    <property name="java.vm.specification.vendor" value="Oracle Corporation" />
    <property
      name="java.awt.graphicsenv"
      value="sun.awt.Win32GraphicsEnvironment"
    />
    <property
      name="surefire.real.class.path"
      value="C:\Users\X505Z\AppData\Local\Temp\surefire3861928842183326703\surefirebooter16506127731837569683.jar"
    />
    <property name="user.script" value="" />
    <property
      name="sun.management.compiler"
      value="HotSpot 64-Bit Tiered Compilers"
    />
    <property name="java.runtime.version" value="11.0.10+8-LTS-162" />
    <property name="user.name" value="X505Z" />
    <property name="path.separator" value=";" />
    <property name="os.version" value="10.0" />
    <property
      name="java.runtime.name"
      value="Java(TM) SE Runtime Environment"
    />
    <property name="file.encoding" value="MS874" />
    <property name="java.vm.name" value="Java HotSpot(TM) 64-Bit Server VM" />
    <property name="java.vendor.version" value="18.9" />
    <property name="localRepository" value="C:\Users\X505Z\.m2\repository" />
    <property
      name="java.vendor.url.bug"
      value="https://bugreport.java.com/bugreport/"
    />
    <property
      name="java.io.tmpdir"
      value="C:\Users\X505Z\AppData\Local\Temp\"
    />
    <property name="java.version" value="11.0.10" />
    <property
      name="user.dir"
      value="d:\Workspace\R2\Projects\sfdx\top-ariba\functions\aribapending"
    />
    <property name="os.arch" value="amd64" />
    <property
      name="java.vm.specification.name"
      value="Java Virtual Machine Specification"
    />
    <property name="java.awt.printerjob" value="sun.awt.windows.WPrinterJob" />
    <property name="sun.os.patch.level" value="" />
    <property
      name="java.library.path"
      value="C:\Program Files\Java\jdk-11.0.10\bin;C:\WINDOWS\Sun\Java\bin;C:\WINDOWS\system32;C:\WINDOWS;C:\Program Files\Common Files\Oracle\Java\javapath;C:\Program Files (x86)\VMware\VMware Player\bin\;C:\WINDOWS\system32;C:\WINDOWS;C:\WINDOWS\System32\Wbem;C:\WINDOWS\System32\WindowsPowerShell\v1.0\;C:\WINDOWS\System32\OpenSSH\;C:\Program Files\TortoiseSVN\bin;C:\Program Files\Microsoft VS Code\bin;C:\Program Files\PuTTY\;C:\Program Files\dotnet\;C:\apache-ant-1.10.12\bin;C:\Program Files\nodejs\;C:\ProgramData\ComposerSetup\bin;C:\Program Files (x86)\dotnet\;C:\Program Files\Git\cmd;C:\Program Files\Java\jdk-11.0.10\bin;C:\apache-maven-3.9.1\bin;C:\Users\X505Z\AppData\Local\Programs\Python\Python310\Scripts\;C:\Users\X505Z\AppData\Local\Programs\Python\Python310\;C:\Users\X505Z\AppData\Local\Microsoft\WindowsApps;C:\Program Files\Salesforce CLI\bin;C:\Users\X505Z\.dotnet\tools;C:\Users\X505Z\AppData\Roaming\npm;D:\Workspace\Desktop\flutter\bin;C:\Program Files\heroku\bin;D:\Workspace\php;C:\Users\X505Z\AppData\Roaming\Composer\vendor\bin;D:\Workspace\mingw64\bin;;."
    />
    <property name="java.vendor" value="Oracle Corporation" />
    <property name="java.vm.info" value="mixed mode" />
    <property name="java.vm.version" value="11.0.10+8-LTS-162" />
    <property name="sun.io.unicode.encoding" value="UnicodeLittle" />
    <property name="java.class.version" value="55.0" />
  </properties>
  <testcase name="test" classname="com.example.FunctionTest" time="0.978" />
</testsuite>
